<?xml version="1.0" encoding="UTF-8" ?>
<testsuite failures="0" time="0.116" errors="0" skipped="0" tests="4" name="TeamServiceTest">
  <properties>
    <property name="java.runtime.name" value="Java(TM) SE Runtime Environment"/>
    <property name="sun.boot.library.path" value="/System/Library/Java/JavaVirtualMachines/1.6.0.jdk/Contents/Libraries"/>
    <property name="java.vm.version" value="20.4-b02-402"/>
    <property name="awt.nativeDoubleBuffering" value="true"/>
    <property name="gopherProxySet" value="false"/>
    <property name="mrj.build" value="10M3527"/>
    <property name="java.vm.vendor" value="Apple Inc."/>
    <property name="java.vendor.url" value="http://www.apple.com/"/>
    <property name="path.separator" value=":"/>
    <property name="java.vm.name" value="Java HotSpot(TM) 64-Bit Server VM"/>
    <property name="file.encoding.pkg" value="sun.io"/>
    <property name="user.country" value="US"/>
    <property name="sun.java.launcher" value="SUN_STANDARD"/>
    <property name="sun.os.patch.level" value="unknown"/>
    <property name="java.vm.specification.name" value="Java Virtual Machine Specification"/>
    <property name="user.dir" value="/Users/tonykovanen/wad/wad-2012/spring-data-jpa-eclipselink-validation"/>
    <property name="org.apache.catalina.loader.WebappClassLoader.ENABLE_CLEAR_REFERENCES" value="false"/>
    <property name="java.runtime.version" value="1.6.0_29-b11-402-10M3527"/>
    <property name="java.awt.graphicsenv" value="apple.awt.CGraphicsEnvironment"/>
    <property name="basedir" value="/Users/tonykovanen/wad/wad-2012/spring-data-jpa-eclipselink-validation"/>
    <property name="java.endorsed.dirs" value="/System/Library/Java/JavaVirtualMachines/1.6.0.jdk/Contents/Home/lib/endorsed"/>
    <property name="os.arch" value="x86_64"/>
    <property name="surefire.real.class.path" value="/Users/tonykovanen/wad/wad-2012/spring-data-jpa-eclipselink-validation/target/surefire/surefirebooter6237129077990076149.jar"/>
    <property name="java.io.tmpdir" value="/var/folders/79/79ApkdyaG5y1FfznJXAIVE+++TI/-Tmp-/"/>
    <property name="line.separator" value="
"/>
    <property name="java.vm.specification.vendor" value="Sun Microsystems Inc."/>
    <property name="os.name" value="Mac OS X"/>
    <property name="sun.jnu.encoding" value="MacRoman"/>
    <property name="java.library.path" value=".:/Library/Java/Extensions:/System/Library/Java/Extensions:/usr/lib/java"/>
    <property name="surefire.test.class.path" value="/Users/tonykovanen/wad/wad-2012/spring-data-jpa-eclipselink-validation/target/test-classes:/Users/tonykovanen/wad/wad-2012/spring-data-jpa-eclipselink-validation/target/classes:/Users/tonykovanen/.m2/repository/org/springframework/spring-test/3.1.0.RELEASE/spring-test-3.1.0.RELEASE.jar:/Users/tonykovanen/.m2/repository/junit/junit/4.10/junit-4.10.jar:/Users/tonykovanen/.m2/repository/org/hamcrest/hamcrest-core/1.1/hamcrest-core-1.1.jar:/Users/tonykovanen/.m2/repository/org/springframework/spring-webmvc/3.1.0.RELEASE/spring-webmvc-3.1.0.RELEASE.jar:/Users/tonykovanen/.m2/repository/org/springframework/spring-asm/3.1.0.RELEASE/spring-asm-3.1.0.RELEASE.jar:/Users/tonykovanen/.m2/repository/org/springframework/spring-beans/3.1.0.RELEASE/spring-beans-3.1.0.RELEASE.jar:/Users/tonykovanen/.m2/repository/org/springframework/spring-context-support/3.1.0.RELEASE/spring-context-support-3.1.0.RELEASE.jar:/Users/tonykovanen/.m2/repository/org/springframework/spring-core/3.1.0.RELEASE/spring-core-3.1.0.RELEASE.jar:/Users/tonykovanen/.m2/repository/commons-logging/commons-logging/1.1.1/commons-logging-1.1.1.jar:/Users/tonykovanen/.m2/repository/org/springframework/spring-expression/3.1.0.RELEASE/spring-expression-3.1.0.RELEASE.jar:/Users/tonykovanen/.m2/repository/org/springframework/spring-web/3.1.0.RELEASE/spring-web-3.1.0.RELEASE.jar:/Users/tonykovanen/.m2/repository/aopalliance/aopalliance/1.0/aopalliance-1.0.jar:/Users/tonykovanen/.m2/repository/org/springframework/spring-context/3.1.0.RELEASE/spring-context-3.1.0.RELEASE.jar:/Users/tonykovanen/.m2/repository/org/springframework/spring-aop/3.1.0.RELEASE/spring-aop-3.1.0.RELEASE.jar:/Users/tonykovanen/.m2/repository/javax/servlet/servlet-api/2.5/servlet-api-2.5.jar:/Users/tonykovanen/.m2/repository/javax/servlet/jsp/jsp-api/2.1/jsp-api-2.1.jar:/Users/tonykovanen/.m2/repository/jstl/jstl/1.2/jstl-1.2.jar:/Users/tonykovanen/.m2/repository/cglib/cglib/2.2.2/cglib-2.2.2.jar:/Users/tonykovanen/.m2/repository/asm/asm/3.3.1/asm-3.3.1.jar:/Users/tonykovanen/.m2/repository/org/springframework/spring-orm/3.1.0.RELEASE/spring-orm-3.1.0.RELEASE.jar:/Users/tonykovanen/.m2/repository/org/springframework/spring-tx/3.1.0.RELEASE/spring-tx-3.1.0.RELEASE.jar:/Users/tonykovanen/.m2/repository/org/springframework/data/spring-data-jpa/1.0.2.RELEASE/spring-data-jpa-1.0.2.RELEASE.jar:/Users/tonykovanen/.m2/repository/org/springframework/data/spring-data-commons-core/1.1.0.RELEASE/spring-data-commons-core-1.1.0.RELEASE.jar:/Users/tonykovanen/.m2/repository/org/aspectj/aspectjrt/1.6.8/aspectjrt-1.6.8.jar:/Users/tonykovanen/.m2/repository/org/eclipse/persistence/eclipselink/2.3.2/eclipselink-2.3.2.jar:/Users/tonykovanen/.m2/repository/org/eclipse/persistence/javax.persistence/2.0.0/javax.persistence-2.0.0.jar:/Users/tonykovanen/.m2/repository/org/hsqldb/hsqldb/1.8.0.10/hsqldb-1.8.0.10.jar:/Users/tonykovanen/.m2/repository/org/springframework/spring-jdbc/3.1.0.RELEASE/spring-jdbc-3.1.0.RELEASE.jar:/Users/tonykovanen/.m2/repository/org/springframework/spring-instrument/3.1.0.RELEASE/spring-instrument-3.1.0.RELEASE.jar:/Users/tonykovanen/.m2/repository/mysql/mysql-connector-java/5.1.18/mysql-connector-java-5.1.18.jar:/Users/tonykovanen/.m2/repository/org/slf4j/slf4j-api/1.6.1/slf4j-api-1.6.1.jar:/Users/tonykovanen/.m2/repository/org/slf4j/jcl-over-slf4j/1.6.1/jcl-over-slf4j-1.6.1.jar:/Users/tonykovanen/.m2/repository/org/slf4j/slf4j-log4j12/1.6.1/slf4j-log4j12-1.6.1.jar:/Users/tonykovanen/.m2/repository/log4j/log4j/1.2.16/log4j-1.2.16.jar:/Users/tonykovanen/.m2/repository/org/codehaus/jackson/jackson-core-asl/1.9.3/jackson-core-asl-1.9.3.jar:/Users/tonykovanen/.m2/repository/org/codehaus/jackson/jackson-mapper-asl/1.9.3/jackson-mapper-asl-1.9.3.jar:/Users/tonykovanen/.m2/repository/org/hibernate/hibernate-validator/4.1.0.Final/hibernate-validator-4.1.0.Final.jar:/Users/tonykovanen/.m2/repository/javax/validation/validation-api/1.0.0.GA/validation-api-1.0.0.GA.jar:/Users/tonykovanen/.m2/repository/org/eclipse/jetty/jetty-servlet/7.6.0.v20120127/jetty-servlet-7.6.0.v20120127.jar:/Users/tonykovanen/.m2/repository/org/eclipse/jetty/jetty-security/7.6.0.v20120127/jetty-security-7.6.0.v20120127.jar:/Users/tonykovanen/.m2/repository/org/eclipse/jetty/jetty-server/7.6.0.v20120127/jetty-server-7.6.0.v20120127.jar:/Users/tonykovanen/.m2/repository/org/eclipse/jetty/jetty-continuation/7.6.0.v20120127/jetty-continuation-7.6.0.v20120127.jar:/Users/tonykovanen/.m2/repository/org/eclipse/jetty/jetty-http/7.6.0.v20120127/jetty-http-7.6.0.v20120127.jar:/Users/tonykovanen/.m2/repository/org/eclipse/jetty/jetty-io/7.6.0.v20120127/jetty-io-7.6.0.v20120127.jar:/Users/tonykovanen/.m2/repository/org/eclipse/jetty/jetty-util/7.6.0.v20120127/jetty-util-7.6.0.v20120127.jar:"/>
    <property name="java.specification.name" value="Java Platform API Specification"/>
    <property name="java.class.version" value="50.0"/>
    <property name="sun.management.compiler" value="HotSpot 64-Bit Tiered Compilers"/>
    <property name="os.version" value="10.6.8"/>
    <property name="http.nonProxyHosts" value="local|*.local|169.254/16|*.169.254/16"/>
    <property name="user.home" value="/Users/tonykovanen"/>
    <property name="user.timezone" value="Europe/Helsinki"/>
    <property name="java.awt.printerjob" value="apple.awt.CPrinterJob"/>
    <property name="java.specification.version" value="1.6"/>
    <property name="file.encoding" value="MacRoman"/>
    <property name="user.name" value="tonykovanen"/>
    <property name="java.class.path" value="/Users/tonykovanen/wad/wad-2012/spring-data-jpa-eclipselink-validation/target/test-classes:/Users/tonykovanen/wad/wad-2012/spring-data-jpa-eclipselink-validation/target/classes:/Users/tonykovanen/.m2/repository/org/springframework/spring-test/3.1.0.RELEASE/spring-test-3.1.0.RELEASE.jar:/Users/tonykovanen/.m2/repository/junit/junit/4.10/junit-4.10.jar:/Users/tonykovanen/.m2/repository/org/hamcrest/hamcrest-core/1.1/hamcrest-core-1.1.jar:/Users/tonykovanen/.m2/repository/org/springframework/spring-webmvc/3.1.0.RELEASE/spring-webmvc-3.1.0.RELEASE.jar:/Users/tonykovanen/.m2/repository/org/springframework/spring-asm/3.1.0.RELEASE/spring-asm-3.1.0.RELEASE.jar:/Users/tonykovanen/.m2/repository/org/springframework/spring-beans/3.1.0.RELEASE/spring-beans-3.1.0.RELEASE.jar:/Users/tonykovanen/.m2/repository/org/springframework/spring-context-support/3.1.0.RELEASE/spring-context-support-3.1.0.RELEASE.jar:/Users/tonykovanen/.m2/repository/org/springframework/spring-core/3.1.0.RELEASE/spring-core-3.1.0.RELEASE.jar:/Users/tonykovanen/.m2/repository/commons-logging/commons-logging/1.1.1/commons-logging-1.1.1.jar:/Users/tonykovanen/.m2/repository/org/springframework/spring-expression/3.1.0.RELEASE/spring-expression-3.1.0.RELEASE.jar:/Users/tonykovanen/.m2/repository/org/springframework/spring-web/3.1.0.RELEASE/spring-web-3.1.0.RELEASE.jar:/Users/tonykovanen/.m2/repository/aopalliance/aopalliance/1.0/aopalliance-1.0.jar:/Users/tonykovanen/.m2/repository/org/springframework/spring-context/3.1.0.RELEASE/spring-context-3.1.0.RELEASE.jar:/Users/tonykovanen/.m2/repository/org/springframework/spring-aop/3.1.0.RELEASE/spring-aop-3.1.0.RELEASE.jar:/Users/tonykovanen/.m2/repository/javax/servlet/servlet-api/2.5/servlet-api-2.5.jar:/Users/tonykovanen/.m2/repository/javax/servlet/jsp/jsp-api/2.1/jsp-api-2.1.jar:/Users/tonykovanen/.m2/repository/jstl/jstl/1.2/jstl-1.2.jar:/Users/tonykovanen/.m2/repository/cglib/cglib/2.2.2/cglib-2.2.2.jar:/Users/tonykovanen/.m2/repository/asm/asm/3.3.1/asm-3.3.1.jar:/Users/tonykovanen/.m2/repository/org/springframework/spring-orm/3.1.0.RELEASE/spring-orm-3.1.0.RELEASE.jar:/Users/tonykovanen/.m2/repository/org/springframework/spring-tx/3.1.0.RELEASE/spring-tx-3.1.0.RELEASE.jar:/Users/tonykovanen/.m2/repository/org/springframework/data/spring-data-jpa/1.0.2.RELEASE/spring-data-jpa-1.0.2.RELEASE.jar:/Users/tonykovanen/.m2/repository/org/springframework/data/spring-data-commons-core/1.1.0.RELEASE/spring-data-commons-core-1.1.0.RELEASE.jar:/Users/tonykovanen/.m2/repository/org/aspectj/aspectjrt/1.6.8/aspectjrt-1.6.8.jar:/Users/tonykovanen/.m2/repository/org/eclipse/persistence/eclipselink/2.3.2/eclipselink-2.3.2.jar:/Users/tonykovanen/.m2/repository/org/eclipse/persistence/javax.persistence/2.0.0/javax.persistence-2.0.0.jar:/Users/tonykovanen/.m2/repository/org/hsqldb/hsqldb/1.8.0.10/hsqldb-1.8.0.10.jar:/Users/tonykovanen/.m2/repository/org/springframework/spring-jdbc/3.1.0.RELEASE/spring-jdbc-3.1.0.RELEASE.jar:/Users/tonykovanen/.m2/repository/org/springframework/spring-instrument/3.1.0.RELEASE/spring-instrument-3.1.0.RELEASE.jar:/Users/tonykovanen/.m2/repository/mysql/mysql-connector-java/5.1.18/mysql-connector-java-5.1.18.jar:/Users/tonykovanen/.m2/repository/org/slf4j/slf4j-api/1.6.1/slf4j-api-1.6.1.jar:/Users/tonykovanen/.m2/repository/org/slf4j/jcl-over-slf4j/1.6.1/jcl-over-slf4j-1.6.1.jar:/Users/tonykovanen/.m2/repository/org/slf4j/slf4j-log4j12/1.6.1/slf4j-log4j12-1.6.1.jar:/Users/tonykovanen/.m2/repository/log4j/log4j/1.2.16/log4j-1.2.16.jar:/Users/tonykovanen/.m2/repository/org/codehaus/jackson/jackson-core-asl/1.9.3/jackson-core-asl-1.9.3.jar:/Users/tonykovanen/.m2/repository/org/codehaus/jackson/jackson-mapper-asl/1.9.3/jackson-mapper-asl-1.9.3.jar:/Users/tonykovanen/.m2/repository/org/hibernate/hibernate-validator/4.1.0.Final/hibernate-validator-4.1.0.Final.jar:/Users/tonykovanen/.m2/repository/javax/validation/validation-api/1.0.0.GA/validation-api-1.0.0.GA.jar:/Users/tonykovanen/.m2/repository/org/eclipse/jetty/jetty-servlet/7.6.0.v20120127/jetty-servlet-7.6.0.v20120127.jar:/Users/tonykovanen/.m2/repository/org/eclipse/jetty/jetty-security/7.6.0.v20120127/jetty-security-7.6.0.v20120127.jar:/Users/tonykovanen/.m2/repository/org/eclipse/jetty/jetty-server/7.6.0.v20120127/jetty-server-7.6.0.v20120127.jar:/Users/tonykovanen/.m2/repository/org/eclipse/jetty/jetty-continuation/7.6.0.v20120127/jetty-continuation-7.6.0.v20120127.jar:/Users/tonykovanen/.m2/repository/org/eclipse/jetty/jetty-http/7.6.0.v20120127/jetty-http-7.6.0.v20120127.jar:/Users/tonykovanen/.m2/repository/org/eclipse/jetty/jetty-io/7.6.0.v20120127/jetty-io-7.6.0.v20120127.jar:/Users/tonykovanen/.m2/repository/org/eclipse/jetty/jetty-util/7.6.0.v20120127/jetty-util-7.6.0.v20120127.jar:"/>
    <property name="java.vm.specification.version" value="1.0"/>
    <property name="sun.arch.data.model" value="64"/>
    <property name="java.home" value="/System/Library/Java/JavaVirtualMachines/1.6.0.jdk/Contents/Home"/>
    <property name="sun.java.command" value="/Users/tonykovanen/wad/wad-2012/spring-data-jpa-eclipselink-validation/target/surefire/surefirebooter6237129077990076149.jar /Users/tonykovanen/wad/wad-2012/spring-data-jpa-eclipselink-validation/target/surefire/surefire5750579878891214949tmp /Users/tonykovanen/wad/wad-2012/spring-data-jpa-eclipselink-validation/target/surefire/surefire2189239762555982346tmp"/>
    <property name="java.specification.vendor" value="Sun Microsystems Inc."/>
    <property name="user.language" value="en"/>
    <property name="awt.toolkit" value="apple.awt.CToolkit"/>
    <property name="java.vm.info" value="mixed mode"/>
    <property name="java.version" value="1.6.0_29"/>
    <property name="java.ext.dirs" value="/Library/Java/Extensions:/System/Library/Java/Extensions:/System/Library/Java/JavaVirtualMachines/1.6.0.jdk/Contents/Home/lib/ext"/>
    <property name="sun.boot.class.path" value="/System/Library/Java/JavaVirtualMachines/1.6.0.jdk/Contents/Classes/jsfd.jar:/System/Library/Java/JavaVirtualMachines/1.6.0.jdk/Contents/Classes/classes.jar:/System/Library/Frameworks/JavaVM.framework/Frameworks/JavaRuntimeSupport.framework/Resources/Java/JavaRuntimeSupport.jar:/System/Library/Java/JavaVirtualMachines/1.6.0.jdk/Contents/Classes/ui.jar:/System/Library/Java/JavaVirtualMachines/1.6.0.jdk/Contents/Classes/laf.jar:/System/Library/Java/JavaVirtualMachines/1.6.0.jdk/Contents/Classes/sunrsasign.jar:/System/Library/Java/JavaVirtualMachines/1.6.0.jdk/Contents/Classes/jsse.jar:/System/Library/Java/JavaVirtualMachines/1.6.0.jdk/Contents/Classes/jce.jar:/System/Library/Java/JavaVirtualMachines/1.6.0.jdk/Contents/Classes/charsets.jar"/>
    <property name="java.vendor" value="Apple Inc."/>
    <property name="localRepository" value="/Users/tonykovanen/.m2/repository"/>
    <property name="file.separator" value="/"/>
    <property name="java.vendor.url.bug" value="http://bugreport.apple.com/"/>
    <property name="sun.cpu.endian" value="little"/>
    <property name="sun.io.unicode.encoding" value="UnicodeLittle"/>
    <property name="mrj.version" value="1060.1.6.0_29-402"/>
    <property name="socksNonProxyHosts" value="local|*.local|169.254/16|*.169.254/16"/>
    <property name="ftp.nonProxyHosts" value="local|*.local|169.254/16|*.169.254/16"/>
    <property name="sun.cpu.isalist" value=""/>
  </properties>
  <testcase time="0.11" classname="TeamServiceTest" name="testNewTeamHasBeenCreated"/>
  <testcase time="0.001" classname="TeamServiceTest" name="afterAddingATeamATeamOfThatNameIsInUse"/>
  <testcase time="0.001" classname="TeamServiceTest" name="afterAddingATeamSizeIncrementsByOne"/>
  <testcase time="0.001" classname="TeamServiceTest" name="eachIdIsUnique"/>
</testsuite>